2019-05-05 21:51:49,002 INFO org.apache.hadoop.hdfs.server.namenode.NameNode: STARTUP_MSG: 
/************************************************************
STARTUP_MSG: Starting NameNode
STARTUP_MSG:   host = bigdata-base/10.6.41.98
STARTUP_MSG:   args = []
STARTUP_MSG:   version = 3.0.2
STARTUP_MSG:   classpath = /usr/local/hadoop/etc/hadoop:/usr/local/hadoop/share/hadoop/common/lib/woodstox-core-5.0.3.jar:/usr/local/hadoop/share/hadoop/common/lib/hadoop-annotations-3.0.2.jar:/usr/local/hadoop/share/hadoop/common/lib/kerb-client-1.0.1.jar:/usr/local/hadoop/share/hadoop/common/lib/xz-1.0.jar:/usr/local/hadoop/share/hadoop/common/lib/zookeeper-3.4.9.jar:/usr/local/hadoop/share/hadoop/common/lib/kerb-core-1.0.1.jar:/usr/local/hadoop/share/hadoop/common/lib/jackson-annotations-2.7.8.jar:/usr/local/hadoop/share/hadoop/common/lib/jetty-servlet-9.3.19.v20170502.jar:/usr/local/hadoop/share/hadoop/common/lib/paranamer-2.3.jar:/usr/local/hadoop/share/hadoop/common/lib/curator-client-2.12.0.jar:/usr/local/hadoop/share/hadoop/common/lib/jcip-annotations-1.0-1.jar:/usr/local/hadoop/share/hadoop/common/lib/kerby-util-1.0.1.jar:/usr/local/hadoop/share/hadoop/common/lib/jackson-databind-2.7.8.jar:/usr/local/hadoop/share/hadoop/common/lib/jsr305-3.0.0.jar:/usr/local/hadoop/share/hadoop/common/lib/httpclient-4.5.2.jar:/usr/local/hadoop/share/hadoop/common/lib/snappy-java-1.0.5.jar:/usr/local/hadoop/share/hadoop/common/lib/kerb-admin-1.0.1.jar:/usr/local/hadoop/share/hadoop/common/lib/commons-lang3-3.4.jar:/usr/local/hadoop/share/hadoop/common/lib/jaxb-impl-2.2.3-1.jar:/usr/local/hadoop/share/hadoop/common/lib/kerb-identity-1.0.1.jar:/usr/local/hadoop/share/hadoop/common/lib/curator-framework-2.12.0.jar:/usr/local/hadoop/share/hadoop/common/lib/avro-1.7.7.jar:/usr/local/hadoop/share/hadoop/common/lib/commons-io-2.4.jar:/usr/local/hadoop/share/hadoop/common/lib/kerby-config-1.0.1.jar:/usr/local/hadoop/share/hadoop/common/lib/commons-codec-1.4.jar:/usr/local/hadoop/share/hadoop/common/lib/kerb-simplekdc-1.0.1.jar:/usr/local/hadoop/share/hadoop/common/lib/jetty-util-9.3.19.v20170502.jar:/usr/local/hadoop/share/hadoop/common/lib/slf4j-api-1.7.25.jar:/usr/local/hadoop/share/hadoop/common/lib/jackson-core-2.7.8.jar:/usr/local/hadoop/share/hadoop/common/lib/kerby-xdr-1.0.1.jar:/usr/local/hadoop/share/hadoop/common/lib/javax.servlet-api-3.1.0.jar:/usr/local/hadoop/share/hadoop/common/lib/jackson-jaxrs-1.9.13.jar:/usr/local/hadoop/share/hadoop/common/lib/kerby-pkix-1.0.1.jar:/usr/local/hadoop/share/hadoop/common/lib/curator-recipes-2.12.0.jar:/usr/local/hadoop/share/hadoop/common/lib/guava-11.0.2.jar:/usr/local/hadoop/share/hadoop/common/lib/jackson-mapper-asl-1.9.13.jar:/usr/local/hadoop/share/hadoop/common/lib/commons-math3-3.1.1.jar:/usr/local/hadoop/share/hadoop/common/lib/token-provider-1.0.1.jar:/usr/local/hadoop/share/hadoop/common/lib/jetty-io-9.3.19.v20170502.jar:/usr/local/hadoop/share/hadoop/common/lib/kerb-server-1.0.1.jar:/usr/local/hadoop/share/hadoop/common/lib/netty-3.10.5.Final.jar:/usr/local/hadoop/share/hadoop/common/lib/jettison-1.1.jar:/usr/local/hadoop/share/hadoop/common/lib/protobuf-java-2.5.0.jar:/usr/local/hadoop/share/hadoop/common/lib/stax2-api-3.1.4.jar:/usr/local/hadoop/share/hadoop/common/lib/jsch-0.1.54.jar:/usr/local/hadoop/share/hadoop/common/lib/jsr311-api-1.1.1.jar:/usr/local/hadoop/share/hadoop/common/lib/commons-beanutils-1.9.3.jar:/usr/local/hadoop/share/hadoop/common/lib/junit-4.11.jar:/usr/local/hadoop/share/hadoop/common/lib/kerb-crypto-1.0.1.jar:/usr/local/hadoop/share/hadoop/common/lib/jackson-core-asl-1.9.13.jar:/usr/local/hadoop/share/hadoop/common/lib/hamcrest-core-1.3.jar:/usr/local/hadoop/share/hadoop/common/lib/kerby-asn1-1.0.1.jar:/usr/local/hadoop/share/hadoop/common/lib/commons-compress-1.4.1.jar:/usr/local/hadoop/share/hadoop/common/lib/jsp-api-2.1.jar:/usr/local/hadoop/share/hadoop/common/lib/nimbus-jose-jwt-4.41.1.jar:/usr/local/hadoop/share/hadoop/common/lib/asm-5.0.4.jar:/usr/local/hadoop/share/hadoop/common/lib/json-smart-2.3.jar:/usr/local/hadoop/share/hadoop/common/lib/commons-lang-2.6.jar:/usr/local/hadoop/share/hadoop/common/lib/commons-configuration2-2.1.1.jar:/usr/local/hadoop/share/hadoop/common/lib/mockito-all-1.8.5.jar:/usr/local/hadoop/share/hadoop/common/lib/gson-2.2.4.jar:/usr/local/hadoop/share/hadoop/common/lib/re2j-1.1.jar:/usr/local/hadoop/share/hadoop/common/lib/hadoop-auth-3.0.2.jar:/usr/local/hadoop/share/hadoop/common/lib/htrace-core4-4.1.0-incubating.jar:/usr/local/hadoop/share/hadoop/common/lib/jersey-servlet-1.19.jar:/usr/local/hadoop/share/hadoop/common/lib/commons-net-3.1.jar:/usr/local/hadoop/share/hadoop/common/lib/accessors-smart-1.2.jar:/usr/local/hadoop/share/hadoop/common/lib/kerb-common-1.0.1.jar:/usr/local/hadoop/share/hadoop/common/lib/jersey-server-1.19.jar:/usr/local/hadoop/share/hadoop/common/lib/commons-logging-1.1.3.jar:/usr/local/hadoop/share/hadoop/common/lib/jetty-server-9.3.19.v20170502.jar:/usr/local/hadoop/share/hadoop/common/lib/commons-cli-1.2.jar:/usr/local/hadoop/share/hadoop/common/lib/jersey-core-1.19.jar:/usr/local/hadoop/share/hadoop/common/lib/jetty-http-9.3.19.v20170502.jar:/usr/local/hadoop/share/hadoop/common/lib/jersey-json-1.19.jar:/usr/local/hadoop/share/hadoop/common/lib/slf4j-log4j12-1.7.25.jar:/usr/local/hadoop/share/hadoop/common/lib/jetty-security-9.3.19.v20170502.jar:/usr/local/hadoop/share/hadoop/common/lib/jackson-xc-1.9.13.jar:/usr/local/hadoop/share/hadoop/common/lib/jul-to-slf4j-1.7.25.jar:/usr/local/hadoop/share/hadoop/common/lib/kerb-util-1.0.1.jar:/usr/local/hadoop/share/hadoop/common/lib/jetty-xml-9.3.19.v20170502.jar:/usr/local/hadoop/share/hadoop/common/lib/commons-collections-3.2.2.jar:/usr/local/hadoop/share/hadoop/common/lib/httpcore-4.4.4.jar:/usr/local/hadoop/share/hadoop/common/lib/metrics-core-3.0.1.jar:/usr/local/hadoop/share/hadoop/common/lib/jetty-webapp-9.3.19.v20170502.jar:/usr/local/hadoop/share/hadoop/common/lib/log4j-1.2.17.jar:/usr/local/hadoop/share/hadoop/common/lib/jaxb-api-2.2.11.jar:/usr/local/hadoop/share/hadoop/common/hadoop-common-3.0.2-tests.jar:/usr/local/hadoop/share/hadoop/common/hadoop-kms-3.0.2.jar:/usr/local/hadoop/share/hadoop/common/hadoop-common-3.0.2.jar:/usr/local/hadoop/share/hadoop/common/hadoop-nfs-3.0.2.jar:/usr/local/hadoop/share/hadoop/hdfs:/usr/local/hadoop/share/hadoop/hdfs/lib/woodstox-core-5.0.3.jar:/usr/local/hadoop/share/hadoop/hdfs/lib/hadoop-annotations-3.0.2.jar:/usr/local/hadoop/share/hadoop/hdfs/lib/kerb-client-1.0.1.jar:/usr/local/hadoop/share/hadoop/hdfs/lib/xz-1.0.jar:/usr/local/hadoop/share/hadoop/hdfs/lib/zookeeper-3.4.9.jar:/usr/local/hadoop/share/hadoop/hdfs/lib/kerb-core-1.0.1.jar:/usr/local/hadoop/share/hadoop/hdfs/lib/jackson-annotations-2.7.8.jar:/usr/local/hadoop/share/hadoop/hdfs/lib/jetty-servlet-9.3.19.v20170502.jar:/usr/local/hadoop/share/hadoop/hdfs/lib/paranamer-2.3.jar:/usr/local/hadoop/share/hadoop/hdfs/lib/curator-client-2.12.0.jar:/usr/local/hadoop/share/hadoop/hdfs/lib/jcip-annotations-1.0-1.jar:/usr/local/hadoop/share/hadoop/hdfs/lib/json-simple-1.1.1.jar:/usr/local/hadoop/share/hadoop/hdfs/lib/kerby-util-1.0.1.jar:/usr/local/hadoop/share/hadoop/hdfs/lib/jackson-databind-2.7.8.jar:/usr/local/hadoop/share/hadoop/hdfs/lib/jetty-util-ajax-9.3.19.v20170502.jar:/usr/local/hadoop/share/hadoop/hdfs/lib/jsr305-3.0.0.jar:/usr/local/hadoop/share/hadoop/hdfs/lib/okio-1.4.0.jar:/usr/local/hadoop/share/hadoop/hdfs/lib/httpclient-4.5.2.jar:/usr/local/hadoop/share/hadoop/hdfs/lib/snappy-java-1.0.5.jar:/usr/local/hadoop/share/hadoop/hdfs/lib/kerb-admin-1.0.1.jar:/usr/local/hadoop/share/hadoop/hdfs/lib/commons-lang3-3.4.jar:/usr/local/hadoop/share/hadoop/hdfs/lib/jaxb-impl-2.2.3-1.jar:/usr/local/hadoop/share/hadoop/hdfs/lib/kerb-identity-1.0.1.jar:/usr/local/hadoop/share/hadoop/hdfs/lib/curator-framework-2.12.0.jar:/usr/local/hadoop/share/hadoop/hdfs/lib/avro-1.7.7.jar:/usr/local/hadoop/share/hadoop/hdfs/lib/commons-io-2.4.jar:/usr/local/hadoop/share/hadoop/hdfs/lib/kerby-config-1.0.1.jar:/usr/local/hadoop/share/hadoop/hdfs/lib/commons-codec-1.4.jar:/usr/local/hadoop/share/hadoop/hdfs/lib/kerb-simplekdc-1.0.1.jar:/usr/local/hadoop/share/hadoop/hdfs/lib/jetty-util-9.3.19.v20170502.jar:/usr/local/hadoop/share/hadoop/hdfs/lib/jackson-core-2.7.8.jar:/usr/local/hadoop/share/hadoop/hdfs/lib/kerby-xdr-1.0.1.jar:/usr/local/hadoop/share/hadoop/hdfs/lib/javax.servlet-api-3.1.0.jar:/usr/local/hadoop/share/hadoop/hdfs/lib/jackson-jaxrs-1.9.13.jar:/usr/local/hadoop/share/hadoop/hdfs/lib/kerby-pkix-1.0.1.jar:/usr/local/hadoop/share/hadoop/hdfs/lib/curator-recipes-2.12.0.jar:/usr/local/hadoop/share/hadoop/hdfs/lib/guava-11.0.2.jar:/usr/local/hadoop/share/hadoop/hdfs/lib/jackson-mapper-asl-1.9.13.jar:/usr/local/hadoop/share/hadoop/hdfs/lib/leveldbjni-all-1.8.jar:/usr/local/hadoop/share/hadoop/hdfs/lib/commons-math3-3.1.1.jar:/usr/local/hadoop/share/hadoop/hdfs/lib/token-provider-1.0.1.jar:/usr/local/hadoop/share/hadoop/hdfs/lib/jetty-io-9.3.19.v20170502.jar:/usr/local/hadoop/share/hadoop/hdfs/lib/kerb-server-1.0.1.jar:/usr/local/hadoop/share/hadoop/hdfs/lib/netty-3.10.5.Final.jar:/usr/local/hadoop/share/hadoop/hdfs/lib/jettison-1.1.jar:/usr/local/hadoop/share/hadoop/hdfs/lib/protobuf-java-2.5.0.jar:/usr/local/hadoop/share/hadoop/hdfs/lib/netty-all-4.0.23.Final.jar:/usr/local/hadoop/share/hadoop/hdfs/lib/stax2-api-3.1.4.jar:/usr/local/hadoop/share/hadoop/hdfs/lib/jsch-0.1.54.jar:/usr/local/hadoop/share/hadoop/hdfs/lib/jsr311-api-1.1.1.jar:/usr/local/hadoop/share/hadoop/hdfs/lib/commons-beanutils-1.9.3.jar:/usr/local/hadoop/share/hadoop/hdfs/lib/kerb-crypto-1.0.1.jar:/usr/local/hadoop/share/hadoop/hdfs/lib/jackson-core-asl-1.9.13.jar:/usr/local/hadoop/share/hadoop/hdfs/lib/kerby-asn1-1.0.1.jar:/usr/local/hadoop/share/hadoop/hdfs/lib/commons-compress-1.4.1.jar:/usr/local/hadoop/share/hadoop/hdfs/lib/nimbus-jose-jwt-4.41.1.jar:/usr/local/hadoop/share/hadoop/hdfs/lib/asm-5.0.4.jar:/usr/local/hadoop/share/hadoop/hdfs/lib/json-smart-2.3.jar:/usr/local/hadoop/share/hadoop/hdfs/lib/commons-lang-2.6.jar:/usr/local/hadoop/share/hadoop/hdfs/lib/commons-configuration2-2.1.1.jar:/usr/local/hadoop/share/hadoop/hdfs/lib/gson-2.2.4.jar:/usr/local/hadoop/share/hadoop/hdfs/lib/re2j-1.1.jar:/usr/local/hadoop/share/hadoop/hdfs/lib/hadoop-auth-3.0.2.jar:/usr/local/hadoop/share/hadoop/hdfs/lib/htrace-core4-4.1.0-incubating.jar:/usr/local/hadoop/share/hadoop/hdfs/lib/jersey-servlet-1.19.jar:/usr/local/hadoop/share/hadoop/hdfs/lib/commons-net-3.1.jar:/usr/local/hadoop/share/hadoop/hdfs/lib/accessors-smart-1.2.jar:/usr/local/hadoop/share/hadoop/hdfs/lib/kerb-common-1.0.1.jar:/usr/local/hadoop/share/hadoop/hdfs/lib/jersey-server-1.19.jar:/usr/local/hadoop/share/hadoop/hdfs/lib/commons-logging-1.1.3.jar:/usr/local/hadoop/share/hadoop/hdfs/lib/jetty-server-9.3.19.v20170502.jar:/usr/local/hadoop/share/hadoop/hdfs/lib/commons-cli-1.2.jar:/usr/local/hadoop/share/hadoop/hdfs/lib/jersey-core-1.19.jar:/usr/local/hadoop/share/hadoop/hdfs/lib/jetty-http-9.3.19.v20170502.jar:/usr/local/hadoop/share/hadoop/hdfs/lib/jersey-json-1.19.jar:/usr/local/hadoop/share/hadoop/hdfs/lib/jetty-security-9.3.19.v20170502.jar:/usr/local/hadoop/share/hadoop/hdfs/lib/jackson-xc-1.9.13.jar:/usr/local/hadoop/share/hadoop/hdfs/lib/kerb-util-1.0.1.jar:/usr/local/hadoop/share/hadoop/hdfs/lib/jetty-xml-9.3.19.v20170502.jar:/usr/local/hadoop/share/hadoop/hdfs/lib/commons-collections-3.2.2.jar:/usr/local/hadoop/share/hadoop/hdfs/lib/httpcore-4.4.4.jar:/usr/local/hadoop/share/hadoop/hdfs/lib/jetty-webapp-9.3.19.v20170502.jar:/usr/local/hadoop/share/hadoop/hdfs/lib/log4j-1.2.17.jar:/usr/local/hadoop/share/hadoop/hdfs/lib/okhttp-2.4.0.jar:/usr/local/hadoop/share/hadoop/hdfs/lib/jaxb-api-2.2.11.jar:/usr/local/hadoop/share/hadoop/hdfs/lib/commons-daemon-1.0.13.jar:/usr/local/hadoop/share/hadoop/hdfs/hadoop-hdfs-native-client-3.0.2.jar:/usr/local/hadoop/share/hadoop/hdfs/hadoop-hdfs-client-3.0.2.jar:/usr/local/hadoop/share/hadoop/hdfs/hadoop-hdfs-3.0.2-tests.jar:/usr/local/hadoop/share/hadoop/hdfs/hadoop-hdfs-nfs-3.0.2.jar:/usr/local/hadoop/share/hadoop/hdfs/hadoop-hdfs-native-client-3.0.2-tests.jar:/usr/local/hadoop/share/hadoop/hdfs/hadoop-hdfs-httpfs-3.0.2.jar:/usr/local/hadoop/share/hadoop/hdfs/hadoop-hdfs-3.0.2.jar:/usr/local/hadoop/share/hadoop/hdfs/hadoop-hdfs-client-3.0.2-tests.jar:/usr/local/hadoop/share/hadoop/mapreduce/hadoop-mapreduce-client-nativetask-3.0.2.jar:/usr/local/hadoop/share/hadoop/mapreduce/hadoop-mapreduce-client-jobclient-3.0.2-tests.jar:/usr/local/hadoop/share/hadoop/mapreduce/hadoop-mapreduce-client-hs-3.0.2.jar:/usr/local/hadoop/share/hadoop/mapreduce/hadoop-mapreduce-client-app-3.0.2.jar:/usr/local/hadoop/share/hadoop/mapreduce/hadoop-mapreduce-examples-3.0.2.jar:/usr/local/hadoop/share/hadoop/mapreduce/hadoop-mapreduce-client-hs-plugins-3.0.2.jar:/usr/local/hadoop/share/hadoop/mapreduce/hadoop-mapreduce-client-jobclient-3.0.2.jar:/usr/local/hadoop/share/hadoop/mapreduce/hadoop-mapreduce-client-shuffle-3.0.2.jar:/usr/local/hadoop/share/hadoop/mapreduce/hadoop-mapreduce-client-core-3.0.2.jar:/usr/local/hadoop/share/hadoop/mapreduce/hadoop-mapreduce-client-common-3.0.2.jar:/usr/local/hadoop/share/hadoop/yarn:/usr/local/hadoop/share/hadoop/yarn/lib/jersey-guice-1.19.jar:/usr/local/hadoop/share/hadoop/yarn/lib/commons-csv-1.0.jar:/usr/local/hadoop/share/hadoop/yarn/lib/jcodings-1.0.8.jar:/usr/local/hadoop/share/hadoop/yarn/lib/htrace-core-3.1.0-incubating.jar:/usr/local/hadoop/share/hadoop/yarn/lib/metrics-core-2.2.0.jar:/usr/local/hadoop/share/hadoop/yarn/lib/hbase-hadoop2-compat-1.2.6.jar:/usr/local/hadoop/share/hadoop/yarn/lib/hbase-hadoop-compat-1.2.6.jar:/usr/local/hadoop/share/hadoop/yarn/lib/hbase-protocol-1.2.6.jar:/usr/local/hadoop/share/hadoop/yarn/lib/jasper-compiler-5.5.23.jar:/usr/local/hadoop/share/hadoop/yarn/lib/HikariCP-java7-2.4.12.jar:/usr/local/hadoop/share/hadoop/yarn/lib/json-io-2.5.1.jar:/usr/local/hadoop/share/hadoop/yarn/lib/fst-2.50.jar:/usr/local/hadoop/share/hadoop/yarn/lib/hbase-common-1.2.6.jar:/usr/local/hadoop/share/hadoop/yarn/lib/aopalliance-1.0.jar:/usr/local/hadoop/share/hadoop/yarn/lib/hbase-client-1.2.6.jar:/usr/local/hadoop/share/hadoop/yarn/lib/findbugs-annotations-1.3.9-1.jar:/usr/local/hadoop/share/hadoop/yarn/lib/mssql-jdbc-6.2.1.jre7.jar:/usr/local/hadoop/share/hadoop/yarn/lib/jamon-runtime-2.4.1.jar:/usr/local/hadoop/share/hadoop/yarn/lib/jackson-jaxrs-base-2.7.8.jar:/usr/local/hadoop/share/hadoop/yarn/lib/commons-el-1.0.jar:/usr/local/hadoop/share/hadoop/yarn/lib/jackson-jaxrs-json-provider-2.7.8.jar:/usr/local/hadoop/share/hadoop/yarn/lib/disruptor-3.3.0.jar:/usr/local/hadoop/share/hadoop/yarn/lib/hbase-server-1.2.6.jar:/usr/local/hadoop/share/hadoop/yarn/lib/hbase-annotations-1.2.6.jar:/usr/local/hadoop/share/hadoop/yarn/lib/joni-2.1.2.jar:/usr/local/hadoop/share/hadoop/yarn/lib/jersey-client-1.19.jar:/usr/local/hadoop/share/hadoop/yarn/lib/guice-servlet-4.0.jar:/usr/local/hadoop/share/hadoop/yarn/lib/hbase-procedure-1.2.6.jar:/usr/local/hadoop/share/hadoop/yarn/lib/jackson-module-jaxb-annotations-2.7.8.jar:/usr/local/hadoop/share/hadoop/yarn/lib/guice-4.0.jar:/usr/local/hadoop/share/hadoop/yarn/lib/ehcache-3.3.1.jar:/usr/local/hadoop/share/hadoop/yarn/lib/geronimo-jcache_1.0_spec-1.0-alpha-1.jar:/usr/local/hadoop/share/hadoop/yarn/lib/commons-httpclient-3.1.jar:/usr/local/hadoop/share/hadoop/yarn/lib/hbase-prefix-tree-1.2.6.jar:/usr/local/hadoop/share/hadoop/yarn/lib/javax.inject-1.jar:/usr/local/hadoop/share/hadoop/yarn/lib/jsp-api-2.1-6.1.14.jar:/usr/local/hadoop/share/hadoop/yarn/lib/servlet-api-2.5-6.1.14.jar:/usr/local/hadoop/share/hadoop/yarn/lib/jsp-2.1-6.1.14.jar:/usr/local/hadoop/share/hadoop/yarn/lib/java-util-1.9.0.jar:/usr/local/hadoop/share/hadoop/yarn/lib/jasper-runtime-5.5.23.jar:/usr/local/hadoop/share/hadoop/yarn/lib/metrics-core-3.0.1.jar:/usr/local/hadoop/share/hadoop/yarn/lib/commons-math-2.2.jar:/usr/local/hadoop/share/hadoop/yarn/hadoop-yarn-applications-unmanaged-am-launcher-3.0.2.jar:/usr/local/hadoop/share/hadoop/yarn/hadoop-yarn-server-timelineservice-3.0.2.jar:/usr/local/hadoop/share/hadoop/yarn/hadoop-yarn-server-common-3.0.2.jar:/usr/local/hadoop/share/hadoop/yarn/hadoop-yarn-server-applicationhistoryservice-3.0.2.jar:/usr/local/hadoop/share/hadoop/yarn/hadoop-yarn-server-timelineservice-hbase-tests-3.0.2.jar:/usr/local/hadoop/share/hadoop/yarn/hadoop-yarn-common-3.0.2.jar:/usr/local/hadoop/share/hadoop/yarn/hadoop-yarn-api-3.0.2.jar:/usr/local/hadoop/share/hadoop/yarn/hadoop-yarn-client-3.0.2.jar:/usr/local/hadoop/share/hadoop/yarn/hadoop-yarn-server-timeline-pluginstorage-3.0.2.jar:/usr/local/hadoop/share/hadoop/yarn/hadoop-yarn-server-sharedcachemanager-3.0.2.jar:/usr/local/hadoop/share/hadoop/yarn/hadoop-yarn-applications-distributedshell-3.0.2.jar:/usr/local/hadoop/share/hadoop/yarn/hadoop-yarn-registry-3.0.2.jar:/usr/local/hadoop/share/hadoop/yarn/hadoop-yarn-server-web-proxy-3.0.2.jar:/usr/local/hadoop/share/hadoop/yarn/hadoop-yarn-server-resourcemanager-3.0.2.jar:/usr/local/hadoop/share/hadoop/yarn/hadoop-yarn-server-router-3.0.2.jar:/usr/local/hadoop/share/hadoop/yarn/hadoop-yarn-server-nodemanager-3.0.2.jar:/usr/local/hadoop/share/hadoop/yarn/hadoop-yarn-server-tests-3.0.2.jar:/usr/local/hadoop/share/hadoop/yarn/hadoop-yarn-server-timelineservice-hbase-3.0.2.jar
STARTUP_MSG:   build = Unknown -r 5c141f7c0f24c12cb8704a6ccc1ff8ec991f41ee; compiled by 'lei' on 2018-04-13T23:29Z
STARTUP_MSG:   java = 1.8.0_141
************************************************************/
2019-05-05 21:51:49,009 INFO org.apache.hadoop.hdfs.server.namenode.NameNode: registered UNIX signal handlers for [TERM, HUP, INT]
2019-05-05 21:51:49,013 INFO org.apache.hadoop.hdfs.server.namenode.NameNode: createNameNode []
2019-05-05 21:51:49,185 INFO org.apache.commons.beanutils.FluentPropertyBeanIntrospector: Error when creating PropertyDescriptor for public final void org.apache.commons.configuration2.AbstractConfiguration.setProperty(java.lang.String,java.lang.Object)! Ignoring this property.
2019-05-05 21:51:49,210 INFO org.apache.hadoop.metrics2.impl.MetricsConfig: loaded properties from hadoop-metrics2.properties
2019-05-05 21:51:49,288 INFO org.apache.hadoop.metrics2.impl.MetricsSystemImpl: Scheduled Metric snapshot period at 10 second(s).
2019-05-05 21:51:49,289 INFO org.apache.hadoop.metrics2.impl.MetricsSystemImpl: NameNode metrics system started
2019-05-05 21:51:49,308 INFO org.apache.hadoop.hdfs.server.namenode.NameNode: fs.defaultFS is hdfs://localhost:9001
2019-05-05 21:51:49,312 INFO org.apache.hadoop.hdfs.server.namenode.NameNode: Clients are to use localhost:9001 to access this namenode/service.
2019-05-05 21:51:49,431 INFO org.apache.hadoop.util.JvmPauseMonitor: Starting JVM pause monitor
2019-05-05 21:51:49,454 INFO org.apache.hadoop.hdfs.DFSUtil: Starting Web-server for hdfs at: http://0.0.0.0:9870
2019-05-05 21:51:49,467 INFO org.eclipse.jetty.util.log: Logging initialized @839ms
2019-05-05 21:51:49,536 INFO org.apache.hadoop.security.authentication.server.AuthenticationFilter: Unable to initialize FileSignerSecretProvider, falling back to use random secrets.
2019-05-05 21:51:49,544 INFO org.apache.hadoop.http.HttpRequestLog: Http request log for http.requests.namenode is not defined
2019-05-05 21:51:49,557 INFO org.apache.hadoop.http.HttpServer2: Added global filter 'safety' (class=org.apache.hadoop.http.HttpServer2$QuotingInputFilter)
2019-05-05 21:51:49,558 INFO org.apache.hadoop.http.HttpServer2: Added filter static_user_filter (class=org.apache.hadoop.http.lib.StaticUserWebFilter$StaticUserFilter) to context hdfs
2019-05-05 21:51:49,558 INFO org.apache.hadoop.http.HttpServer2: Added filter static_user_filter (class=org.apache.hadoop.http.lib.StaticUserWebFilter$StaticUserFilter) to context static
2019-05-05 21:51:49,558 INFO org.apache.hadoop.http.HttpServer2: Added filter static_user_filter (class=org.apache.hadoop.http.lib.StaticUserWebFilter$StaticUserFilter) to context logs
2019-05-05 21:51:49,575 INFO org.apache.hadoop.http.HttpServer2: Added filter 'org.apache.hadoop.hdfs.web.AuthFilter' (class=org.apache.hadoop.hdfs.web.AuthFilter)
2019-05-05 21:51:49,576 INFO org.apache.hadoop.http.HttpServer2: addJerseyResourcePackage: packageName=org.apache.hadoop.hdfs.server.namenode.web.resources;org.apache.hadoop.hdfs.web.resources, pathSpec=/webhdfs/v1/*
2019-05-05 21:51:49,582 INFO org.apache.hadoop.http.HttpServer2: Jetty bound to port 9870
2019-05-05 21:51:49,583 INFO org.eclipse.jetty.server.Server: jetty-9.3.19.v20170502
2019-05-05 21:51:49,608 INFO org.eclipse.jetty.server.handler.ContextHandler: Started o.e.j.s.ServletContextHandler@3cce5371{/logs,file:///usr/local/hadoop/logs/,AVAILABLE}
2019-05-05 21:51:49,609 INFO org.eclipse.jetty.server.handler.ContextHandler: Started o.e.j.s.ServletContextHandler@6e535154{/static,file:///usr/local/hadoop/share/hadoop/hdfs/webapps/static/,AVAILABLE}
2019-05-05 21:51:49,660 INFO org.eclipse.jetty.server.handler.ContextHandler: Started o.e.j.w.WebAppContext@26adfd2d{/,file:///usr/local/hadoop/share/hadoop/hdfs/webapps/hdfs/,AVAILABLE}{/hdfs}
2019-05-05 21:51:49,665 INFO org.eclipse.jetty.server.AbstractConnector: Started ServerConnector@72ef8d15{HTTP/1.1,[http/1.1]}{0.0.0.0:9870}
2019-05-05 21:51:49,665 INFO org.eclipse.jetty.server.Server: Started @1038ms
2019-05-05 21:51:49,826 WARN org.apache.hadoop.hdfs.server.namenode.FSNamesystem: Only one image storage directory (dfs.namenode.name.dir) configured. Beware of data loss due to lack of redundant storage directories!
2019-05-05 21:51:49,826 WARN org.apache.hadoop.hdfs.server.namenode.FSNamesystem: Only one namespace edits storage directory (dfs.namenode.edits.dir) configured. Beware of data loss due to lack of redundant storage directories!
2019-05-05 21:51:49,912 INFO org.apache.hadoop.hdfs.server.namenode.FSEditLog: Edit logging is async:true
2019-05-05 21:51:49,922 INFO org.apache.hadoop.hdfs.server.namenode.FSNamesystem: KeyProvider: null
2019-05-05 21:51:49,923 INFO org.apache.hadoop.hdfs.server.namenode.FSNamesystem: fsLock is fair: true
2019-05-05 21:51:49,924 INFO org.apache.hadoop.hdfs.server.namenode.FSNamesystem: Detailed lock hold time metrics enabled: false
2019-05-05 21:51:49,929 INFO org.apache.hadoop.hdfs.server.namenode.FSNamesystem: fsOwner             = marie.svanes (auth:SIMPLE)
2019-05-05 21:51:49,929 INFO org.apache.hadoop.hdfs.server.namenode.FSNamesystem: supergroup          = supergroup
2019-05-05 21:51:49,929 INFO org.apache.hadoop.hdfs.server.namenode.FSNamesystem: isPermissionEnabled = true
2019-05-05 21:51:49,929 INFO org.apache.hadoop.hdfs.server.namenode.FSNamesystem: HA Enabled: false
2019-05-05 21:51:49,961 INFO org.apache.hadoop.hdfs.server.common.Util: dfs.datanode.fileio.profiling.sampling.percentage set to 0. Disabling file IO profiling
2019-05-05 21:51:49,969 INFO org.apache.hadoop.hdfs.server.blockmanagement.DatanodeManager: dfs.block.invalidate.limit: configured=1000, counted=60, effected=1000
2019-05-05 21:51:49,969 INFO org.apache.hadoop.hdfs.server.blockmanagement.DatanodeManager: dfs.namenode.datanode.registration.ip-hostname-check=true
2019-05-05 21:51:49,972 INFO org.apache.hadoop.hdfs.server.blockmanagement.BlockManager: dfs.namenode.startup.delay.block.deletion.sec is set to 000:00:00:00.000
2019-05-05 21:51:49,972 INFO org.apache.hadoop.hdfs.server.blockmanagement.BlockManager: The block deletion will start around 2019 May 05 21:51:49
2019-05-05 21:51:49,974 INFO org.apache.hadoop.util.GSet: Computing capacity for map BlocksMap
2019-05-05 21:51:49,974 INFO org.apache.hadoop.util.GSet: VM type       = 64-bit
2019-05-05 21:51:49,975 INFO org.apache.hadoop.util.GSet: 2.0% max memory 1.7 GB = 35.5 MB
2019-05-05 21:51:49,975 INFO org.apache.hadoop.util.GSet: capacity      = 2^22 = 4194304 entries
2019-05-05 21:51:49,983 INFO org.apache.hadoop.hdfs.server.blockmanagement.BlockManager: dfs.block.access.token.enable = false
2019-05-05 21:51:49,988 INFO org.apache.hadoop.conf.Configuration.deprecation: No unit for dfs.namenode.safemode.extension(30000) assuming MILLISECONDS
2019-05-05 21:51:49,988 INFO org.apache.hadoop.hdfs.server.blockmanagement.BlockManagerSafeMode: dfs.namenode.safemode.threshold-pct = 0.9990000128746033
2019-05-05 21:51:49,988 INFO org.apache.hadoop.hdfs.server.blockmanagement.BlockManagerSafeMode: dfs.namenode.safemode.min.datanodes = 0
2019-05-05 21:51:49,988 INFO org.apache.hadoop.hdfs.server.blockmanagement.BlockManagerSafeMode: dfs.namenode.safemode.extension = 30000
2019-05-05 21:51:49,988 INFO org.apache.hadoop.hdfs.server.blockmanagement.BlockManager: defaultReplication         = 1
2019-05-05 21:51:49,988 INFO org.apache.hadoop.hdfs.server.blockmanagement.BlockManager: maxReplication             = 512
2019-05-05 21:51:49,988 INFO org.apache.hadoop.hdfs.server.blockmanagement.BlockManager: minReplication             = 1
2019-05-05 21:51:49,988 INFO org.apache.hadoop.hdfs.server.blockmanagement.BlockManager: maxReplicationStreams      = 2
2019-05-05 21:51:49,988 INFO org.apache.hadoop.hdfs.server.blockmanagement.BlockManager: redundancyRecheckInterval  = 3000ms
2019-05-05 21:51:49,988 INFO org.apache.hadoop.hdfs.server.blockmanagement.BlockManager: encryptDataTransfer        = false
2019-05-05 21:51:49,988 INFO org.apache.hadoop.hdfs.server.blockmanagement.BlockManager: maxNumBlocksToLog          = 1000
2019-05-05 21:51:50,042 INFO org.apache.hadoop.util.GSet: Computing capacity for map INodeMap
2019-05-05 21:51:50,042 INFO org.apache.hadoop.util.GSet: VM type       = 64-bit
2019-05-05 21:51:50,042 INFO org.apache.hadoop.util.GSet: 1.0% max memory 1.7 GB = 17.7 MB
2019-05-05 21:51:50,042 INFO org.apache.hadoop.util.GSet: capacity      = 2^21 = 2097152 entries
2019-05-05 21:51:50,052 INFO org.apache.hadoop.hdfs.server.namenode.FSDirectory: ACLs enabled? false
2019-05-05 21:51:50,052 INFO org.apache.hadoop.hdfs.server.namenode.FSDirectory: POSIX ACL inheritance enabled? true
2019-05-05 21:51:50,052 INFO org.apache.hadoop.hdfs.server.namenode.FSDirectory: XAttrs enabled? true
2019-05-05 21:51:50,052 INFO org.apache.hadoop.hdfs.server.namenode.NameNode: Caching file names occurring more than 10 times
2019-05-05 21:51:50,058 INFO org.apache.hadoop.hdfs.server.namenode.snapshot.SnapshotManager: Loaded config captureOpenFiles: false, skipCaptureAccessTimeOnlyChange: false, snapshotDiffAllowSnapRootDescendant: true
2019-05-05 21:51:50,063 INFO org.apache.hadoop.util.GSet: Computing capacity for map cachedBlocks
2019-05-05 21:51:50,063 INFO org.apache.hadoop.util.GSet: VM type       = 64-bit
2019-05-05 21:51:50,063 INFO org.apache.hadoop.util.GSet: 0.25% max memory 1.7 GB = 4.4 MB
2019-05-05 21:51:50,063 INFO org.apache.hadoop.util.GSet: capacity      = 2^19 = 524288 entries
2019-05-05 21:51:50,073 INFO org.apache.hadoop.hdfs.server.namenode.top.metrics.TopMetrics: NNTop conf: dfs.namenode.top.window.num.buckets = 10
2019-05-05 21:51:50,073 INFO org.apache.hadoop.hdfs.server.namenode.top.metrics.TopMetrics: NNTop conf: dfs.namenode.top.num.users = 10
2019-05-05 21:51:50,073 INFO org.apache.hadoop.hdfs.server.namenode.top.metrics.TopMetrics: NNTop conf: dfs.namenode.top.windows.minutes = 1,5,25
2019-05-05 21:51:50,077 INFO org.apache.hadoop.hdfs.server.namenode.FSNamesystem: Retry cache on namenode is enabled
2019-05-05 21:51:50,077 INFO org.apache.hadoop.hdfs.server.namenode.FSNamesystem: Retry cache will use 0.03 of total heap and retry cache entry expiry time is 600000 millis
2019-05-05 21:51:50,079 INFO org.apache.hadoop.util.GSet: Computing capacity for map NameNodeRetryCache
2019-05-05 21:51:50,079 INFO org.apache.hadoop.util.GSet: VM type       = 64-bit
2019-05-05 21:51:50,079 INFO org.apache.hadoop.util.GSet: 0.029999999329447746% max memory 1.7 GB = 545.1 KB
2019-05-05 21:51:50,079 INFO org.apache.hadoop.util.GSet: capacity      = 2^16 = 65536 entries
2019-05-05 21:51:50,092 INFO org.apache.hadoop.hdfs.server.common.Storage: Lock on /usr/local/hadoop/yarn_data/hdfs/namenode/in_use.lock acquired by nodename 17721@bigdata-base
2019-05-05 21:51:50,116 INFO org.apache.hadoop.hdfs.server.namenode.FileJournalManager: Recovering unfinalized segments in /usr/local/hadoop/yarn_data/hdfs/namenode/current
2019-05-05 21:51:50,117 INFO org.apache.hadoop.hdfs.server.namenode.FSImage: No edit log streams selected.
2019-05-05 21:51:50,117 INFO org.apache.hadoop.hdfs.server.namenode.FSImage: Planning to load image: FSImageFile(file=/usr/local/hadoop/yarn_data/hdfs/namenode/current/fsimage_0000000000000000000, cpktTxId=0000000000000000000)
2019-05-05 21:51:50,232 INFO org.apache.hadoop.hdfs.server.namenode.ErasureCodingPolicyManager: Enable the erasure coding policy RS-6-3-1024k
2019-05-05 21:51:50,234 INFO org.apache.hadoop.hdfs.server.namenode.FSImageFormatPBINode: Loading 1 INodes.
2019-05-05 21:51:50,259 INFO org.apache.hadoop.hdfs.server.namenode.FSImageFormatProtobuf: Loaded FSImage in 0 seconds.
2019-05-05 21:51:50,259 INFO org.apache.hadoop.hdfs.server.namenode.FSImage: Loaded image for txid 0 from /usr/local/hadoop/yarn_data/hdfs/namenode/current/fsimage_0000000000000000000
2019-05-05 21:51:50,263 INFO org.apache.hadoop.hdfs.server.namenode.FSNamesystem: Need to save fs image? false (staleImage=false, haEnabled=false, isRollingUpgrade=false)
2019-05-05 21:51:50,264 INFO org.apache.hadoop.hdfs.server.namenode.FSEditLog: Starting log segment at 1
2019-05-05 21:51:50,367 INFO org.apache.hadoop.hdfs.server.namenode.NameCache: initialized with 0 entries 0 lookups
2019-05-05 21:51:50,367 INFO org.apache.hadoop.hdfs.server.namenode.FSNamesystem: Finished loading FSImage in 284 msecs
2019-05-05 21:51:50,516 INFO org.apache.hadoop.hdfs.server.namenode.NameNode: RPC server is binding to localhost:9001
2019-05-05 21:51:50,524 INFO org.apache.hadoop.ipc.CallQueueManager: Using callQueue: class java.util.concurrent.LinkedBlockingQueue queueCapacity: 1000 scheduler: class org.apache.hadoop.ipc.DefaultRpcScheduler
2019-05-05 21:51:50,533 INFO org.apache.hadoop.ipc.Server: Starting Socket Reader #1 for port 9001
2019-05-05 21:51:50,681 INFO org.apache.hadoop.hdfs.server.namenode.FSNamesystem: Registered FSNamesystemState, ReplicatedBlocksState and ECBlockGroupsState MBeans.
2019-05-05 21:51:50,690 INFO org.apache.hadoop.hdfs.server.namenode.LeaseManager: Number of blocks under construction: 0
2019-05-05 21:51:50,703 INFO org.apache.hadoop.hdfs.server.blockmanagement.BlockManager: initializing replication queues
2019-05-05 21:51:50,703 INFO org.apache.hadoop.hdfs.StateChange: STATE* Leaving safe mode after 0 secs
2019-05-05 21:51:50,703 INFO org.apache.hadoop.hdfs.StateChange: STATE* Network topology has 0 racks and 0 datanodes
2019-05-05 21:51:50,703 INFO org.apache.hadoop.hdfs.StateChange: STATE* UnderReplicatedBlocks has 0 blocks
2019-05-05 21:51:50,722 INFO org.apache.hadoop.hdfs.server.blockmanagement.BlockManager: Total number of blocks            = 0
2019-05-05 21:51:50,722 INFO org.apache.hadoop.hdfs.server.blockmanagement.BlockManager: Number of invalid blocks          = 0
2019-05-05 21:51:50,722 INFO org.apache.hadoop.hdfs.server.blockmanagement.BlockManager: Number of under-replicated blocks = 0
2019-05-05 21:51:50,722 INFO org.apache.hadoop.hdfs.server.blockmanagement.BlockManager: Number of  over-replicated blocks = 0
2019-05-05 21:51:50,722 INFO org.apache.hadoop.hdfs.server.blockmanagement.BlockManager: Number of blocks being written    = 0
2019-05-05 21:51:50,722 INFO org.apache.hadoop.hdfs.StateChange: STATE* Replication Queue initialization scan for invalid, over- and under-replicated blocks completed in 17 msec
2019-05-05 21:51:50,739 INFO org.apache.hadoop.ipc.Server: IPC Server Responder: starting
2019-05-05 21:51:50,740 INFO org.apache.hadoop.ipc.Server: IPC Server listener on 9001: starting
2019-05-05 21:51:50,743 INFO org.apache.hadoop.hdfs.server.namenode.NameNode: NameNode RPC up at: localhost/127.0.0.1:9001
2019-05-05 21:51:50,746 INFO org.apache.hadoop.hdfs.server.namenode.FSNamesystem: Starting services required for active state
2019-05-05 21:51:50,746 INFO org.apache.hadoop.hdfs.server.namenode.FSDirectory: Initializing quota with 4 thread(s)
2019-05-05 21:51:50,751 INFO org.apache.hadoop.hdfs.server.namenode.FSDirectory: Quota initialization completed in 5 milliseconds
name space=1
storage space=0
storage types=RAM_DISK=0, SSD=0, DISK=0, ARCHIVE=0
2019-05-05 21:51:50,759 INFO org.apache.hadoop.hdfs.server.blockmanagement.CacheReplicationMonitor: Starting CacheReplicationMonitor with interval 30000 milliseconds
2019-05-05 21:51:53,839 INFO org.apache.hadoop.hdfs.StateChange: BLOCK* registerDatanode: from DatanodeRegistration(127.0.0.1:9866, datanodeUuid=4040ed64-5430-46bf-a2d7-6c04024833eb, infoPort=9864, infoSecurePort=0, ipcPort=9867, storageInfo=lv=-57;cid=CID-febf32ac-0a2d-42b6-9e66-50aa1314ae0b;nsid=59059090;c=1557093099793) storage 4040ed64-5430-46bf-a2d7-6c04024833eb
2019-05-05 21:51:53,841 INFO org.apache.hadoop.net.NetworkTopology: Adding a new node: /default-rack/127.0.0.1:9866
2019-05-05 21:51:53,841 INFO org.apache.hadoop.hdfs.server.blockmanagement.BlockReportLeaseManager: Registered DN 4040ed64-5430-46bf-a2d7-6c04024833eb (127.0.0.1:9866).
2019-05-05 21:51:53,923 INFO org.apache.hadoop.hdfs.server.blockmanagement.DatanodeDescriptor: Adding new storage ID DS-38dc2789-6791-4aec-b0b6-f52930f3b5cf for DN 127.0.0.1:9866
2019-05-05 21:51:53,963 INFO BlockStateChange: BLOCK* processReport 0xec44a85b9cd41468: Processing first storage report for DS-38dc2789-6791-4aec-b0b6-f52930f3b5cf from datanode 4040ed64-5430-46bf-a2d7-6c04024833eb
2019-05-05 21:51:53,964 INFO BlockStateChange: BLOCK* processReport 0xec44a85b9cd41468: from storage DS-38dc2789-6791-4aec-b0b6-f52930f3b5cf node DatanodeRegistration(127.0.0.1:9866, datanodeUuid=4040ed64-5430-46bf-a2d7-6c04024833eb, infoPort=9864, infoSecurePort=0, ipcPort=9867, storageInfo=lv=-57;cid=CID-febf32ac-0a2d-42b6-9e66-50aa1314ae0b;nsid=59059090;c=1557093099793), blocks: 0, hasStaleStorage: false, processing time: 1 msecs, invalidatedBlocks: 0
2019-05-05 21:52:50,059 INFO org.apache.hadoop.hdfs.server.namenode.FSEditLog: Number of transactions: 6 Total time for transactions(ms): 30 Number of transactions batched in Syncs: 0 Number of syncs: 2 SyncTimes(ms): 5 
2019-05-05 21:52:56,655 INFO org.apache.hadoop.hdfs.server.namenode.FSNamesystem: Roll Edit Log from 127.0.0.1
2019-05-05 21:52:56,655 INFO org.apache.hadoop.hdfs.server.namenode.FSEditLog: Rolling edit logs
2019-05-05 21:52:56,655 INFO org.apache.hadoop.hdfs.server.namenode.FSEditLog: Ending log segment 1, 8
2019-05-05 21:52:56,656 INFO org.apache.hadoop.hdfs.server.namenode.FSEditLog: Number of transactions: 9 Total time for transactions(ms): 30 Number of transactions batched in Syncs: 4 Number of syncs: 6 SyncTimes(ms): 10 
2019-05-05 21:52:56,659 INFO org.apache.hadoop.hdfs.server.namenode.FileJournalManager: Finalizing edits file /usr/local/hadoop/yarn_data/hdfs/namenode/current/edits_inprogress_0000000000000000001 -> /usr/local/hadoop/yarn_data/hdfs/namenode/current/edits_0000000000000000001-0000000000000000009
2019-05-05 21:52:56,686 INFO org.apache.hadoop.hdfs.server.namenode.FSEditLog: Starting log segment at 10
2019-05-05 21:52:56,840 INFO org.apache.hadoop.hdfs.server.namenode.TransferFsImage: Sending fileName: /usr/local/hadoop/yarn_data/hdfs/namenode/current/fsimage_0000000000000000000, fileSize: 394. Sent total: 394 bytes. Size of last segment intended to send: -1 bytes.
2019-05-05 21:52:56,858 INFO org.apache.hadoop.hdfs.server.namenode.TransferFsImage: Sending fileName: /usr/local/hadoop/yarn_data/hdfs/namenode/current/edits_0000000000000000001-0000000000000000009, fileSize: 720. Sent total: 720 bytes. Size of last segment intended to send: -1 bytes.
2019-05-05 21:52:57,134 INFO org.apache.hadoop.hdfs.server.common.Util: Combined time for file download and fsync to all disks took 0.00s. The file download took 0.00s at 0.00 KB/s. Synchronous (fsync) write to disk of /usr/local/hadoop/yarn_data/hdfs/namenode/current/fsimage.ckpt_0000000000000000009 took 0.00s.
2019-05-05 21:52:57,134 INFO org.apache.hadoop.hdfs.server.namenode.TransferFsImage: Downloaded file fsimage.ckpt_0000000000000000009 size 801 bytes.
2019-05-05 21:52:57,140 INFO org.apache.hadoop.hdfs.server.namenode.NNStorageRetentionManager: Going to retain 2 images with txid >= 0
2019-05-05 21:59:16,269 INFO org.apache.hadoop.hdfs.server.namenode.FSEditLog: Number of transactions: 2 Total time for transactions(ms): 2 Number of transactions batched in Syncs: 0 Number of syncs: 2 SyncTimes(ms): 4 
2019-05-05 22:01:49,338 INFO org.apache.hadoop.hdfs.server.namenode.FSEditLog: Number of transactions: 4 Total time for transactions(ms): 2 Number of transactions batched in Syncs: 0 Number of syncs: 4 SyncTimes(ms): 6 
2019-05-05 22:01:50,704 INFO org.apache.hadoop.hdfs.server.blockmanagement.BlockManager: StorageInfo TreeSet fill ratio DS-38dc2789-6791-4aec-b0b6-f52930f3b5cf : 1.0
2019-05-05 22:02:38,566 INFO org.apache.hadoop.hdfs.StateChange: BLOCK* allocate blk_1073741825_1001, replicas=127.0.0.1:9866 for /user/marie.svanes/input/capacity-scheduler.xml._COPYING_
2019-05-05 22:02:38,764 INFO org.apache.hadoop.hdfs.server.namenode.FSNamesystem: BLOCK* blk_1073741825_1001 is COMMITTED but not COMPLETE(numNodes= 0 <  minimum = 1) in file /user/marie.svanes/input/capacity-scheduler.xml._COPYING_
2019-05-05 22:02:39,181 INFO org.apache.hadoop.hdfs.StateChange: DIR* completeFile: /user/marie.svanes/input/capacity-scheduler.xml._COPYING_ is closed by DFSClient_NONMAPREDUCE_1865539636_1
2019-05-05 22:02:39,206 INFO org.apache.hadoop.hdfs.StateChange: BLOCK* allocate blk_1073741826_1002, replicas=127.0.0.1:9866 for /user/marie.svanes/input/core-site.xml._COPYING_
2019-05-05 22:02:39,215 INFO org.apache.hadoop.hdfs.StateChange: DIR* completeFile: /user/marie.svanes/input/core-site.xml._COPYING_ is closed by DFSClient_NONMAPREDUCE_1865539636_1
2019-05-05 22:02:39,233 INFO org.apache.hadoop.hdfs.StateChange: BLOCK* allocate blk_1073741827_1003, replicas=127.0.0.1:9866 for /user/marie.svanes/input/hadoop-policy.xml._COPYING_
2019-05-05 22:02:39,241 INFO org.apache.hadoop.hdfs.StateChange: DIR* completeFile: /user/marie.svanes/input/hadoop-policy.xml._COPYING_ is closed by DFSClient_NONMAPREDUCE_1865539636_1
2019-05-05 22:02:39,252 INFO org.apache.hadoop.hdfs.StateChange: BLOCK* allocate blk_1073741828_1004, replicas=127.0.0.1:9866 for /user/marie.svanes/input/hdfs-site.xml._COPYING_
2019-05-05 22:02:39,262 INFO org.apache.hadoop.hdfs.server.namenode.FSNamesystem: BLOCK* blk_1073741828_1004 is COMMITTED but not COMPLETE(numNodes= 0 <  minimum = 1) in file /user/marie.svanes/input/hdfs-site.xml._COPYING_
2019-05-05 22:02:39,664 INFO org.apache.hadoop.hdfs.StateChange: DIR* completeFile: /user/marie.svanes/input/hdfs-site.xml._COPYING_ is closed by DFSClient_NONMAPREDUCE_1865539636_1
2019-05-05 22:02:39,674 INFO org.apache.hadoop.hdfs.StateChange: BLOCK* allocate blk_1073741829_1005, replicas=127.0.0.1:9866 for /user/marie.svanes/input/httpfs-site.xml._COPYING_
2019-05-05 22:02:39,686 INFO org.apache.hadoop.hdfs.StateChange: DIR* completeFile: /user/marie.svanes/input/httpfs-site.xml._COPYING_ is closed by DFSClient_NONMAPREDUCE_1865539636_1
2019-05-05 22:02:39,699 INFO org.apache.hadoop.hdfs.StateChange: BLOCK* allocate blk_1073741830_1006, replicas=127.0.0.1:9866 for /user/marie.svanes/input/kms-acls.xml._COPYING_
2019-05-05 22:02:39,720 INFO org.apache.hadoop.hdfs.server.namenode.FSNamesystem: BLOCK* blk_1073741830_1006 is COMMITTED but not COMPLETE(numNodes= 0 <  minimum = 1) in file /user/marie.svanes/input/kms-acls.xml._COPYING_
2019-05-05 22:02:40,121 INFO org.apache.hadoop.hdfs.StateChange: DIR* completeFile: /user/marie.svanes/input/kms-acls.xml._COPYING_ is closed by DFSClient_NONMAPREDUCE_1865539636_1
2019-05-05 22:02:40,130 INFO org.apache.hadoop.hdfs.StateChange: BLOCK* allocate blk_1073741831_1007, replicas=127.0.0.1:9866 for /user/marie.svanes/input/kms-site.xml._COPYING_
2019-05-05 22:02:40,140 INFO org.apache.hadoop.hdfs.StateChange: DIR* completeFile: /user/marie.svanes/input/kms-site.xml._COPYING_ is closed by DFSClient_NONMAPREDUCE_1865539636_1
2019-05-05 22:02:40,152 INFO org.apache.hadoop.hdfs.StateChange: BLOCK* allocate blk_1073741832_1008, replicas=127.0.0.1:9866 for /user/marie.svanes/input/mapred-site.xml._COPYING_
2019-05-05 22:02:40,161 INFO org.apache.hadoop.hdfs.StateChange: DIR* completeFile: /user/marie.svanes/input/mapred-site.xml._COPYING_ is closed by DFSClient_NONMAPREDUCE_1865539636_1
2019-05-05 22:02:40,173 INFO org.apache.hadoop.hdfs.StateChange: BLOCK* allocate blk_1073741833_1009, replicas=127.0.0.1:9866 for /user/marie.svanes/input/yarn-site.xml._COPYING_
2019-05-05 22:02:40,181 INFO org.apache.hadoop.hdfs.StateChange: DIR* completeFile: /user/marie.svanes/input/yarn-site.xml._COPYING_ is closed by DFSClient_NONMAPREDUCE_1865539636_1
2019-05-05 22:03:13,059 INFO org.apache.hadoop.hdfs.server.namenode.FSEditLog: Number of transactions: 61 Total time for transactions(ms): 6 Number of transactions batched in Syncs: 9 Number of syncs: 50 SyncTimes(ms): 48 
2019-05-05 22:03:22,298 INFO org.apache.hadoop.hdfs.StateChange: BLOCK* allocate blk_1073741834_1010, replicas=127.0.0.1:9866 for /user/marie.svanes/grep-temp-844910454/_temporary/0/_temporary/attempt_local1178790736_0001_r_000000_0/part-r-00000
2019-05-05 22:03:22,329 INFO org.apache.hadoop.hdfs.StateChange: DIR* completeFile: /user/marie.svanes/grep-temp-844910454/_temporary/0/_temporary/attempt_local1178790736_0001_r_000000_0/part-r-00000 is closed by DFSClient_NONMAPREDUCE_-674812433_1
2019-05-05 22:03:22,375 INFO org.apache.hadoop.hdfs.StateChange: DIR* completeFile: /user/marie.svanes/grep-temp-844910454/_SUCCESS is closed by DFSClient_NONMAPREDUCE_-674812433_1
2019-05-05 22:03:23,185 INFO org.apache.hadoop.hdfs.StateChange: BLOCK* allocate blk_1073741835_1011, replicas=127.0.0.1:9866 for /user/marie.svanes/output/_temporary/0/_temporary/attempt_local1529648288_0002_r_000000_0/part-r-00000
2019-05-05 22:03:23,196 INFO org.apache.hadoop.hdfs.server.namenode.FSNamesystem: BLOCK* blk_1073741835_1011 is COMMITTED but not COMPLETE(numNodes= 0 <  minimum = 1) in file /user/marie.svanes/output/_temporary/0/_temporary/attempt_local1529648288_0002_r_000000_0/part-r-00000
2019-05-05 22:03:23,597 INFO org.apache.hadoop.hdfs.StateChange: DIR* completeFile: /user/marie.svanes/output/_temporary/0/_temporary/attempt_local1529648288_0002_r_000000_0/part-r-00000 is closed by DFSClient_NONMAPREDUCE_-674812433_1
2019-05-05 22:03:23,617 INFO org.apache.hadoop.hdfs.StateChange: DIR* completeFile: /user/marie.svanes/output/_SUCCESS is closed by DFSClient_NONMAPREDUCE_-674812433_1
2019-05-05 22:11:50,705 INFO org.apache.hadoop.hdfs.server.blockmanagement.BlockManager: StorageInfo TreeSet fill ratio DS-38dc2789-6791-4aec-b0b6-f52930f3b5cf : 1.0
